
                    User Created: 2024-02-29 03:11:46
                    UID: 2
                    User Name: Sameer Timsina
                User Logged In : 2024-02-29 03:11:50
User Logged In : 2024-02-29 03:24:25
User Logged In : 2024-02-29 03:28:10
User Logged In : 2024-02-29 03:35:12
User Logged In : 2024-02-29 11:20:54
User Logged In : 2024-02-29 19:19:37
User Logged In : 2024-02-29 19:20:10
User Logged In : 2024-03-07 01:35:58
User Logged In : 2024-03-07 23:55:21
User Logged In : 2024-03-08 11:48:11
User Logged In : 2024-03-08 11:49:19
User Logged In : 2024-03-08 12:38:34
User Logged In : 2024-03-08 12:57:23
User Logged In : 2024-03-08 14:40:39
User Logged In : 2024-03-08 15:00:15
User Logged In : 2024-03-08 15:00:15
User Logged In : 2024-03-08 15:35:37
User Logged In : 2024-03-08 15:44:33
User Logged In : 2024-03-08 15:46:40
User Logged In : 2024-03-08 15:47:12
User Logged In : 2024-03-08 17:34:42
User Logged In : 2024-03-08 17:44:03
User Logged In : 2024-03-08 17:57:23
User Logged In : 2024-03-08 18:04:23
User Logged In : 2024-03-09 11:40:33
User Logged In : 2024-03-09 11:48:22
User Logged In : 2024-03-22 18:34:46
User Logged In : 2024-03-22 18:42:28
