
    --------------------------------

    2024-02-25 23:49:47 Program started
    
    --------------------------------
    
    [2024-02-25 23:49:47.825521] : _________________________________

    --------------------------------

    2024-02-25 23:50:29 Program started
    
    --------------------------------
    
    [2024-02-25 23:50:29.337332] : _________________________________

    --------------------------------

    2024-02-26 00:30:26 Program started
    
    --------------------------------
    
    [2024-02-26 00:30:26.505315] : _________________________________
[2024-02-26 00:30:28.379053] : Elbow: 0
[2024-02-26 00:30:28.379272] : End Yaw: 0
[2024-02-26 00:30:28.457727] : Shoulder: 0
[2024-02-26 00:30:28.458424] : End Pitch: 0
[2024-02-26 00:30:29.379641] : Base: 0

    --------------------------------

    2024-02-27 16:28:03 Program started
    
    --------------------------------
    
    [2024-02-27 16:28:03.470855] : _________________________________

    --------------------------------

    2024-02-27 16:30:20 Program started
    
    --------------------------------
    
    [2024-02-27 16:30:21.000973] : _________________________________

    --------------------------------

    2024-02-27 19:18:12 Program started
    
    --------------------------------
    
    [2024-02-27 19:18:12.246612] : _________________________________
[2024-02-27 19:18:25.727019] : Shoulder: 0
[2024-02-27 19:18:25.727214] : Elbow: 0
[2024-02-27 19:18:25.727664] : End Pitch: 0
[2024-02-27 19:18:25.733768] : End Yaw: 0
[2024-02-27 19:18:26.942934] : Base: 193

    --------------------------------

    2024-02-27 19:18:46 Program started
    
    --------------------------------
    
    [2024-02-27 19:18:46.454826] : _________________________________
