[2024-02-29 03:35:18] : Elbow: 0
[2024-02-29 03:35:18] : Shoulder: 0
[2024-02-29 03:35:18] : End Yaw: 139
[2024-02-29 03:35:18] : End Pitch: 0
[2024-02-29 03:35:19] : Base: 0
[2024-02-29 03:35:20] : End Pitch: 0
[2024-02-29 03:35:20] : Shoulder: 0
[2024-02-29 03:35:20] : Elbow: 0
[2024-02-29 03:35:20] : End Yaw: 139
[2024-02-29 03:35:21] : Base: 0
[2024-02-29 19:19:43] : Elbow: 0
[2024-02-29 19:19:43] : End Yaw: 154
[2024-02-29 19:19:43] : Shoulder: 142
[2024-02-29 19:19:43] : End Pitch: 0
[2024-02-29 19:19:44] : Base: 168
[2024-03-08 14:00:44] : Elbow: 0
 0
[2024-03-08 14:00:44] : Shoulder: 106
[2024-03-08 14:00:44] : End Yaw: 0
[2024-03-08 14:00:45] : Base: 95
[2024-03-08 18:11:36] : End Pitch: 0
[2024-03-08 18:11:36] : End Yaw: 0
[2024-03-08 18:11:36] : Shoulder: 0
[2024-03-08 18:11:36] : Elbow: 0
[2024-03-08 18:11:37] : Base: 0
